<?xml version="1.0" encoding="UTF-8"?>
<testng-results ignored="0" total="1" passed="1" failed="0" skipped="0">
  <reporter-output>
  </reporter-output>
  <suite started-at="2023-04-14T17:56:00 IST" name="Default suite" finished-at="2023-04-14T17:56:01 IST" duration-ms="1537">
    <groups>
    </groups>
    <test started-at="2023-04-14T17:56:00 IST" name="Default test" finished-at="2023-04-14T17:56:01 IST" duration-ms="1537">
      <class name="com.nanal.rest_assured_training.SamplePostRequest">
        <test-method signature="PostRequest()[pri:0, instance:com.nanal.rest_assured_training.SamplePostRequest@77eca502]" started-at="2023-04-14T17:56:00 IST" name="PostRequest" finished-at="2023-04-14T17:56:01 IST" duration-ms="1498" status="PASS">
          <reporter-output>
          </reporter-output>
        </test-method> <!-- PostRequest -->
      </class> <!-- com.nanal.rest_assured_training.SamplePostRequest -->
    </test> <!-- Default test -->
  </suite> <!-- Default suite -->
</testng-results>
